Build started 4/29/2013 11:41:33 PM.
     1>Project "J:\Projects CSI,CSII\Program 6\Program 6\Program 6.vcxproj" on node 2 (build target(s)).
     1>InitializeBuildStatus:
         Creating "Debug\Program 6.unsuccessfulbuild" because "AlwaysCreate" was specified.
       ClCompile:
         c:\Program Files (x86)\Microsoft Visual Studio 10.0\VC\bin\CL.exe /c /ZI /nologo /W3 /WX- /Od /Oy- /D _MBCS /Gm /EHsc /RTC1 /MDd /GS /fp:precise /Zc:wchar_t /Zc:forScope /Fo"Debug\\" /Fd"Debug\vc100.pdb" /Gd /TP /analyze- /errorReport:prompt main.cpp
         main.cpp
       Link:
         c:\Program Files (x86)\Microsoft Visual Studio 10.0\VC\bin\link.exe /ERRORREPORT:PROMPT /OUT:"J:\Projects CSI,CSII\Program 6\Debug\Program 6.exe" /NOLOGO kernel32.lib user32.lib gdi32.lib winspool.lib comdlg32.lib advapi32.lib shell32.lib ole32.lib oleaut32.lib uuid.lib odbc32.lib odbccp32.lib /MANIFEST /ManifestFile:"Debug\Program 6.exe.intermediate.manifest" /MANIFESTUAC:"level='asInvoker' uiAccess='false'" /DEBUG /PDB:"J:\Projects CSI,CSII\Program 6\Debug\Program 6.pdb" /TLBID:1 /DYNAMICBASE /NXCOMPAT /IMPLIB:"J:\Projects CSI,CSII\Program 6\Debug\Program 6.lib" /MACHINE:X86 Debug\main.obj
         Debug\rationalnums.obj
         LINK : J:\Projects CSI,CSII\Program 6\Debug\Program 6.exe not found or not built by the last incremental link; performing full link
         Program 6.vcxproj -> J:\Projects CSI,CSII\Program 6\Debug\Program 6.exe
       Manifest:
         C:\Program Files (x86)\Microsoft SDKs\Windows\v7.0A\bin\mt.exe /nologo /verbose /outputresource:"J:\Projects CSI,CSII\Program 6\Debug\Program 6.exe;#1" /manifest "Debug\Program 6.exe.intermediate.manifest"
       FinalizeBuildStatus:
         Deleting file "Debug\Program 6.unsuccessfulbuild".
         Touching "Debug\Program 6.lastbuildstate".
     1>Done Building Project "J:\Projects CSI,CSII\Program 6\Program 6\Program 6.vcxproj" (build target(s)).

Build succeeded.

Time Elapsed 00:00:04.75
